Start testing: Nov 17 10:32 CET
----------------------------------------------------------
1/1 Testing: boostUnitTestsRun
1/1 Test: boostUnitTestsRun
Command: "/home/mion/s/166/tsalacki/Desktop/Liniowe (2)/Debug/tests/aisdiLinearTests"
Directory: /home/mion/s/166/tsalacki/Desktop/Liniowe (2)/Debug/tests
"boostUnitTestsRun" start time: Nov 17 10:32 CET
Output:
----------------------------------------------------------
Running 256 test cases...

*** No errors detected
<end of output>
Test time =   0.05 sec
----------------------------------------------------------
Test Passed.
"boostUnitTestsRun" end time: Nov 17 10:32 CET
"boostUnitTestsRun" time elapsed: 00:00:00
----------------------------------------------------------

End testing: Nov 17 10:32 CET
